<?xml version="1.0" encoding="UTF-8"?>
<!-- Generated by org.testng.reporters.JUnitReportReporter -->
<testsuite skipped="0" hostname="LAPTOP-U82EF2BK" name="testRunner.TestRunner" tests="2" failures="0" timestamp="2021-08-02T10:57:54 IST" time="33.722" errors="0">
  <testcase name="runScenario" time="15.489" classname="testRunner.TestRunner"/>
  <system-out/>
  <testcase name="runScenario" time="18.233" classname="testRunner.TestRunner"/>
  <system-out/>
</testsuite> <!-- testRunner.TestRunner -->
