<?xml version="1.0" encoding="UTF-8"?>
<!-- Generated by org.testng.reporters.JUnitReportReporter -->
<testsuite skipped="0" hostname="LAPTOP-U82EF2BK" name="Academy.Home" tests="2" failures="0" timestamp="2021-08-02T09:46:45 IST" time="30.809" errors="0">
  <testcase name="homePage" time="16.828" classname="Academy.Home"/>
  <system-out/>
  <testcase name="homePage" time="13.981" classname="Academy.Home"/>
  <system-out/>
</testsuite> <!-- Academy.Home -->
